<?xml version="1.0" encoding="UTF-8"?>
<!-- Generated by org.testng.reporters.JUnitReportReporter -->
<testsuite hostname="Lenovo" failures="0" tests="1" name="Project1.test.menu" time="0.020" errors="1" timestamp="2023-04-25T18:36:46 IST" skipped="0">
  <testcase classname="Project1.test.menu" name="order" time="0.020">
    <error message="Unresolved compilation problems: 
	The method launchBrowser(String) is undefined for the type menu
	driver cannot be resolved to a variable
	The method menubar() is undefined for the type Menu
	The method Department() is undefined for the type Menu
	The method Brand() is undefined for the type Menu
	The method Samsung() is undefined for the type Menu
	The method Addcart() is undefined for the type Menu
	The method Cart() is undefined for the type Menu
	The method Checkout() is undefined for the type Menu
	The method Guest() is undefined for the type Menu
	The method Id(String) is undefined for the type Menu
	The method Ph(String) is undefined for the type Menu
	The method Button() is undefined for the type Menu
	The method Continuepayment() is undefined for the type Menu
" type="java.lang.Error">
      <![CDATA[java.lang.Error: Unresolved compilation problems: 
The method launchBrowser(String) is undefined for the type menu
driver cannot be resolved to a variable
The method menubar() is undefined for the type Menu
The method Department() is undefined for the type Menu
The method Brand() is undefined for the type Menu
The method Samsung() is undefined for the type Menu
The method Addcart() is undefined for the type Menu
The method Cart() is undefined for the type Menu
The method Checkout() is undefined for the type Menu
The method Guest() is undefined for the type Menu
The method Id(String) is undefined for the type Menu
The method Ph(String) is undefined for the type Menu
The method Button() is undefined for the type Menu
The method Continuepayment() is undefined for the type Menu

at Project1.test.menu.order(menu.java:14)
at java.base/jdk.internal.reflect.NativeMethodAccessorImpl.invoke0(Native Method)
at java.base/jdk.internal.reflect.NativeMethodAccessorImpl.invoke(NativeMethodAccessorImpl.java:77)
at java.base/jdk.internal.reflect.DelegatingMethodAccessorImpl.invoke(DelegatingMethodAccessorImpl.java:43)
at java.base/java.lang.reflect.Method.invoke(Method.java:568)
at org.testng.internal.MethodInvocationHelper.invokeMethod(MethodInvocationHelper.java:133)
at org.testng.internal.TestInvoker.invokeMethod(TestInvoker.java:598)
at org.testng.internal.TestInvoker.invokeTestMethod(TestInvoker.java:173)
at org.testng.internal.MethodRunner.runInSequence(MethodRunner.java:46)
at org.testng.internal.TestInvoker$MethodInvocationAgent.invoke(TestInvoker.java:824)
at org.testng.internal.TestInvoker.invokeTestMethods(TestInvoker.java:146)
at org.testng.internal.TestMethodWorker.invokeTestMethods(TestMethodWorker.java:146)
at org.testng.internal.TestMethodWorker.run(TestMethodWorker.java:128)
at java.base/java.util.ArrayList.forEach(ArrayList.java:1511)
at org.testng.TestRunner.privateRun(TestRunner.java:794)
at org.testng.TestRunner.run(TestRunner.java:596)
at org.testng.SuiteRunner.runTest(SuiteRunner.java:377)
at org.testng.SuiteRunner.runSequentially(SuiteRunner.java:371)
at org.testng.SuiteRunner.privateRun(SuiteRunner.java:332)
at org.testng.SuiteRunner.run(SuiteRunner.java:276)
at org.testng.SuiteRunnerWorker.runSuite(SuiteRunnerWorker.java:53)
at org.testng.SuiteRunnerWorker.run(SuiteRunnerWorker.java:96)
at org.testng.TestNG.runSuitesSequentially(TestNG.java:1212)
at org.testng.TestNG.runSuitesLocally(TestNG.java:1134)
at org.testng.TestNG.runSuites(TestNG.java:1063)
at org.testng.TestNG.run(TestNG.java:1031)
at org.testng.remote.AbstractRemoteTestNG.run(AbstractRemoteTestNG.java:115)
at org.testng.remote.RemoteTestNG.initAndRun(RemoteTestNG.java:251)
at org.testng.remote.RemoteTestNG.main(RemoteTestNG.java:77)
]]>
    </error>
  </testcase> <!-- order -->
  <system-out/>
</testsuite> <!-- Project1.test.menu -->
